TN:
SF:src\module\api\controller\user.ts
FN:5,(anonymous_7)
FN:5,(anonymous_8)
FN:22,(anonymous_9)
FN:46,(anonymous_10)
FN:46,(anonymous_11)
FN:70,(anonymous_12)
FN:70,(anonymous_13)
FN:87,(anonymous_14)
FN:87,(anonymous_15)
FN:121,(anonymous_16)
FN:121,(anonymous_17)
FNF:11
FNH:11
FNDA:2,(anonymous_7)
FNDA:2,(anonymous_8)
FNDA:1,(anonymous_9)
FNDA:2,(anonymous_10)
FNDA:2,(anonymous_11)
FNDA:1,(anonymous_12)
FNDA:1,(anonymous_13)
FNDA:2,(anonymous_14)
FNDA:2,(anonymous_15)
FNDA:2,(anonymous_16)
FNDA:2,(anonymous_17)
DA:1,1
DA:3,1
DA:5,2
DA:6,2
DA:7,2
DA:8,2
DA:9,2
DA:10,2
DA:16,2
DA:18,2
DA:19,1
DA:20,1
DA:21,1
DA:22,1
DA:26,2
DA:36,2
DA:46,2
DA:48,2
DA:49,2
DA:50,2
DA:51,1
DA:57,1
DA:63,1
DA:70,1
DA:71,1
DA:73,1
DA:80,1
DA:87,2
DA:88,2
DA:90,2
DA:96,2
DA:97,1
DA:104,1
DA:114,1
DA:121,2
DA:122,2
DA:124,2
DA:130,2
DA:131,1
DA:138,1
DA:144,1
DA:152,1
DA:153,1
DA:154,1
DA:155,1
DA:156,1
LF:46
LH:46
BRDA:7,0,0,1
BRDA:7,0,1,1
BRDA:7,1,0,1
BRDA:7,1,1,1
BRDA:7,2,0,2
BRDA:7,2,1,2
BRDA:8,3,0,1
BRDA:8,3,1,1
BRDA:8,4,0,1
BRDA:8,4,1,1
BRDA:8,5,0,2
BRDA:8,5,1,2
BRDA:18,6,0,1
BRDA:18,6,1,1
BRDA:18,7,0,1
BRDA:18,7,1,1
BRDA:18,8,0,2
BRDA:18,8,1,2
BRDA:50,9,0,1
BRDA:50,9,1,1
BRDA:96,10,0,1
BRDA:96,10,1,1
BRDA:130,11,0,1
BRDA:130,11,1,1
BRF:24
BRH:24
end_of_record
